# JRE version: OpenJDK Runtime Environment (8.0_112-b06) (build 1.8.0_112-release-b06)
# Java VM: OpenJDK 64-Bit Server VM (25.112-b06 mixed mode windows-amd64 compressed oops)
Heap:
 PSYoungGen      total 123904K, used 88795K [0x00000000e0000000, 0x00000000eb980000, 0x0000000100000000)
  eden space 110592K, 68% used [0x00000000e0000000,0x00000000e49be128,0x00000000e6c00000)
  from space 13312K, 99% used [0x00000000e6c00000,0x00000000e78f8c98,0x00000000e7900000)
  to   space 16896K, 0% used [0x00000000ea900000,0x00000000ea900000,0x00000000eb980000)
 ParOldGen       total 97792K, used 20418K [0x00000000a0000000, 0x00000000a5f80000, 0x00000000e0000000)
  object space 97792K, 20% used [0x00000000a0000000,0x00000000a13f0ad0,0x00000000a5f80000)
 Metaspace       used 52705K, capacity 54438K, committed 54528K, reserved 1095680K
  class space    used 7024K, capacity 7366K, committed 7424K, reserved 1048576K
GC Heap History (10 events):
Event: 13.820 GC heap before
{Heap before GC invocations=7 (full 1):
 PSYoungGen      total 74752K, used 20147K [0x00000000e0000000, 0x00000000e5b80000, 0x0000000100000000)
  eden space 64000K, 14% used [0x00000000e0000000,0x00000000e092d7e8,0x00000000e3e80000)
  from space 10752K, 99% used [0x00000000e4000000,0x00000000e4a7f438,0x00000000e4a80000)
  to   space 14848K, 0% used [0x00000000e4d00000,0x00000000e4d00000,0x00000000e5b80000)
 ParOldGen       total 80896K, used 13003K [0x00000000a0000000, 0x00000000a4f00000, 0x00000000e0000000)
  object space 80896K, 16% used [0x00000000a0000000,0x00000000a0cb2ed8,0x00000000a4f00000)
 Metaspace       used 34886K, capacity 35394K, committed 35496K, reserved 1079296K
  class space    used 4672K, capacity 4849K, committed 4864K, reserved 1048576K
Event: 13.826 GC heap after
Heap after GC invocations=7 (full 1):
 PSYoungGen      total 79360K, used 8262K [0x00000000e0000000, 0x00000000e9280000, 0x0000000100000000)
  eden space 64512K, 0% used [0x00000000e0000000,0x00000000e0000000,0x00000000e3f00000)
  from space 14848K, 55% used [0x00000000e4d00000,0x00000000e5511b00,0x00000000e5b80000)
  to   space 14336K, 0% used [0x00000000e3f00000,0x00000000e3f00000,0x00000000e4d00000)
 ParOldGen       total 80896K, used 13011K [0x00000000a0000000, 0x00000000a4f00000, 0x00000000e0000000)
  object space 80896K, 16% used [0x00000000a0000000,0x00000000a0cb4ed8,0x00000000a4f00000)
 Metaspace       used 34886K, capacity 35394K, committed 35496K, reserved 1079296K
  class space    used 4672K, capacity 4849K, committed 4864K, reserved 1048576K
}
Event: 13.826 GC heap before
{Heap before GC invocations=8 (full 2):
 PSYoungGen      total 79360K, used 8262K [0x00000000e0000000, 0x00000000e9280000, 0x0000000100000000)
  eden space 64512K, 0% used [0x00000000e0000000,0x00000000e0000000,0x00000000e3f00000)
  from space 14848K, 55% used [0x00000000e4d00000,0x00000000e5511b00,0x00000000e5b80000)
  to   space 14336K, 0% used [0x00000000e3f00000,0x00000000e3f00000,0x00000000e4d00000)
 ParOldGen       total 80896K, used 13011K [0x00000000a0000000, 0x00000000a4f00000, 0x00000000e0000000)
  object space 80896K, 16% used [0x00000000a0000000,0x00000000a0cb4ed8,0x00000000a4f00000)
 Metaspace       used 34886K, capacity 35394K, committed 35496K, reserved 1079296K
  class space    used 4672K, capacity 4849K, committed 4864K, reserved 1048576K
Event: 13.887 GC heap after
Heap after GC invocations=8 (full 2):
 PSYoungGen      total 79360K, used 0K [0x00000000e0000000, 0x00000000e9280000, 0x0000000100000000)
  eden space 64512K, 0% used [0x00000000e0000000,0x00000000e0000000,0x00000000e3f00000)
  from space 14848K, 0% used [0x00000000e4d00000,0x00000000e4d00000,0x00000000e5b80000)
  to   space 14336K, 0% used [0x00000000e3f00000,0x00000000e3f00000,0x00000000e4d00000)
 ParOldGen       total 97792K, used 14571K [0x00000000a0000000, 0x00000000a5f80000, 0x00000000e0000000)
  object space 97792K, 14% used [0x00000000a0000000,0x00000000a0e3ac18,0x00000000a5f80000)
 Metaspace       used 34886K, capacity 35394K, committed 35496K, reserved 1079296K
  class space    used 4672K, capacity 4849K, committed 4864K, reserved 1048576K
}
Event: 14.671 GC heap before
{Heap before GC invocations=9 (full 2):
 PSYoungGen      total 79360K, used 64512K [0x00000000e0000000, 0x00000000e9280000, 0x0000000100000000)
  eden space 64512K, 100% used [0x00000000e0000000,0x00000000e3f00000,0x00000000e3f00000)
  from space 14848K, 0% used [0x00000000e4d00000,0x00000000e4d00000,0x00000000e5b80000)
  to   space 14336K, 0% used [0x00000000e3f00000,0x00000000e3f00000,0x00000000e4d00000)
 ParOldGen       total 97792K, used 14571K [0x00000000a0000000, 0x00000000a5f80000, 0x00000000e0000000)
  object space 97792K, 14% used [0x00000000a0000000,0x00000000a0e3ac18,0x00000000a5f80000)
 Metaspace       used 41723K, capacity 42476K, committed 42752K, reserved 1085440K
  class space    used 5617K, capacity 5835K, committed 5888K, reserved 1048576K
Event: 14.674 GC heap after
Heap after GC invocations=9 (full 2):
 PSYoungGen      total 78848K, used 8396K [0x00000000e0000000, 0x00000000e8800000, 0x0000000100000000)
  eden space 64512K, 0% used [0x00000000e0000000,0x00000000e0000000,0x00000000e3f00000)
  from space 14336K, 58% used [0x00000000e3f00000,0x00000000e4733370,0x00000000e4d00000)
  to   space 13824K, 0% used [0x00000000e7a80000,0x00000000e7a80000,0x00000000e8800000)
 ParOldGen       total 97792K, used 14579K [0x00000000a0000000, 0x00000000a5f80000, 0x00000000e0000000)
  object space 97792K, 14% used [0x00000000a0000000,0x00000000a0e3cc18,0x00000000a5f80000)
 Metaspace       used 41723K, capacity 42476K, committed 42752K, reserved 1085440K
  class space    used 5617K, capacity 5835K, committed 5888K, reserved 1048576K
}
Event: 15.058 GC heap before
{Heap before GC invocations=10 (full 2):
 PSYoungGen      total 78848K, used 72908K [0x00000000e0000000, 0x00000000e8800000, 0x0000000100000000)
  eden space 64512K, 100% used [0x00000000e0000000,0x00000000e3f00000,0x00000000e3f00000)
  from space 14336K, 58% used [0x00000000e3f00000,0x00000000e4733370,0x00000000e4d00000)
  to   space 13824K, 0% used [0x00000000e7a80000,0x00000000e7a80000,0x00000000e8800000)
 ParOldGen       total 97792K, used 14579K [0x00000000a0000000, 0x00000000a5f80000, 0x00000000e0000000)
  object space 97792K, 14% used [0x00000000a0000000,0x00000000a0e3cc18,0x00000000a5f80000)
 Metaspace       used 43554K, capacity 44474K, committed 44800K, reserved 1087488K
  class space    used 5815K, capacity 6032K, committed 6144K, reserved 1048576K
Event: 15.064 GC heap after
Heap after GC invocations=10 (full 2):
 PSYoungGen      total 122368K, used 10045K [0x00000000e0000000, 0x00000000e8600000, 0x0000000100000000)
  eden space 110592K, 0% used [0x00000000e0000000,0x00000000e0000000,0x00000000e6c00000)
  from space 11776K, 85% used [0x00000000e7a80000,0x00000000e844f4d0,0x00000000e8600000)
  to   space 13312K, 0% used [0x00000000e6c00000,0x00000000e6c00000,0x00000000e7900000)
 ParOldGen       total 97792K, used 14587K [0x00000000a0000000, 0x00000000a5f80000, 0x00000000e0000000)
  object space 97792K, 14% used [0x00000000a0000000,0x00000000a0e3ec18,0x00000000a5f80000)
 Metaspace       used 43554K, capacity 44474K, committed 44800K, reserved 1087488K
  class space    used 5815K, capacity 6032K, committed 6144K, reserved 1048576K
}
Event: 16.466 GC heap before
{Heap before GC invocations=11 (full 2):
 PSYoungGen      total 122368K, used 120637K [0x00000000e0000000, 0x00000000e8600000, 0x0000000100000000)
  eden space 110592K, 100% used [0x00000000e0000000,0x00000000e6c00000,0x00000000e6c00000)
  from space 11776K, 85% used [0x00000000e7a80000,0x00000000e844f4d0,0x00000000e8600000)
  to   space 13312K, 0% used [0x00000000e6c00000,0x00000000e6c00000,0x00000000e7900000)
 ParOldGen       total 97792K, used 14587K [0x00000000a0000000, 0x00000000a5f80000, 0x00000000e0000000)
  object space 97792K, 14% used [0x00000000a0000000,0x00000000a0e3ec18,0x00000000a5f80000)
 Metaspace       used 50130K, capacity 51668K, committed 51712K, reserved 1093632K
  class space    used 6798K, capacity 7133K, committed 7168K, reserved 1048576K
Event: 16.476 GC heap after
Heap after GC invocations=11 (full 2):
 PSYoungGen      total 123904K, used 13283K [0x00000000e0000000, 0x00000000eb980000, 0x0000000100000000)
  eden space 110592K, 0% used [0x00000000e0000000,0x00000000e0000000,0x00000000e6c00000)
  from space 13312K, 99% used [0x00000000e6c00000,0x00000000e78f8c98,0x00000000e7900000)
  to   space 16896K, 0% used [0x00000000ea900000,0x00000000ea900000,0x00000000eb980000)
 ParOldGen       total 97792K, used 20418K [0x00000000a0000000, 0x00000000a5f80000, 0x00000000e0000000)
  object space 97792K, 20% used [0x00000000a0000000,0x00000000a13f0ad0,0x00000000a5f80000)
 Metaspace       used 50130K, capacity 51668K, committed 51712K, reserved 1093632K
  class space    used 6798K, capacity 7133K, committed 7168K, reserved 1048576K
}

